<?xml version="1.0" encoding="UTF-8"?>
<!-- Generated by org.testng.reporters.JUnitXMLReporter -->
<testsuite ignored="0" hostname="Mohan" failures="3" tests="9" name="API Tests" time="12.679" errors="0" timestamp="2026-07-17T22:20:14 IST">
  <testcase classname="io.cucumber.testng.AbstractTestNGCucumberTests" name="runScenario" time="8.22">
    <skipped/>
  </testcase> <!-- runScenario -->
  <testcase classname="io.cucumber.testng.AbstractTestNGCucumberTests" name="runScenario" time="8.22">
    <skipped/>
  </testcase> <!-- runScenario -->
  <testcase classname="io.cucumber.testng.AbstractTestNGCucumberTests" name="runScenario" time="8.222">
    <skipped/>
  </testcase> <!-- runScenario -->
  <testcase classname="io.cucumber.testng.AbstractTestNGCucumberTests" name="runScenario" time="1.598">
    <skipped/>
  </testcase> <!-- runScenario -->
  <testcase classname="io.cucumber.testng.AbstractTestNGCucumberTests" name="runScenario" time="1.601">
    <skipped/>
  </testcase> <!-- runScenario -->
  <testcase classname="io.cucumber.testng.AbstractTestNGCucumberTests" name="runScenario" time="1.605">
    <skipped/>
  </testcase> <!-- runScenario -->
  <testcase classname="io.cucumber.testng.AbstractTestNGCucumberTests" name="runScenario" time="1.385">
    <failure type="java.lang.AssertionError" message="Value mismatch expected [Navya] but found [John]">
      <![CDATA[java.lang.AssertionError: Value mismatch expected [Navya] but found [John]
at validators.ReflectionComparator.compare(ReflectionComparator.java:83)
at validators.ReflectionComparator.compareFields(ReflectionComparator.java:168)
at validators.ReflectionComparator.compare(ReflectionComparator.java:102)
at validators.ReflectionComparator.compareFields(ReflectionComparator.java:168)
at validators.ReflectionComparator.compare(ReflectionComparator.java:102)
at validators.ReflectionComparator.compare(ReflectionComparator.java:51)
at validators.ResponseValidator.validatePojo(ResponseValidator.java:105)
at executor.ApiExecutor.validatePojo(ApiExecutor.java:353)
at stepdefinitions.BookingSteps.validateResponse(BookingSteps.java:69)
at ✽.the response should match "booking/ExpectedBooking.json"(file:///C:/Users/mohan/eclipse-workspace/RestAssured_APIAutomation_Framework/src/test/resources/features/Booking.feature:21)
... Removed 4 stack frames]]>
    </failure>
  </testcase> <!-- runScenario -->
  <testcase classname="io.cucumber.testng.AbstractTestNGCucumberTests" name="runScenario" time="1.438">
    <failure type="java.lang.AssertionError" message="Value mismatch expected [Navya] but found [Alex]">
      <![CDATA[java.lang.AssertionError: Value mismatch expected [Navya] but found [Alex]
at validators.ReflectionComparator.compare(ReflectionComparator.java:83)
at validators.ReflectionComparator.compareFields(ReflectionComparator.java:168)
at validators.ReflectionComparator.compare(ReflectionComparator.java:102)
at validators.ReflectionComparator.compareFields(ReflectionComparator.java:168)
at validators.ReflectionComparator.compare(ReflectionComparator.java:102)
at validators.ReflectionComparator.compare(ReflectionComparator.java:51)
at validators.ResponseValidator.validatePojo(ResponseValidator.java:105)
at executor.ApiExecutor.validatePojo(ApiExecutor.java:353)
at stepdefinitions.BookingSteps.validateResponse(BookingSteps.java:69)
at ✽.the response should match "booking/ExpectedBooking.json"(file:///C:/Users/mohan/eclipse-workspace/RestAssured_APIAutomation_Framework/src/test/resources/features/Booking.feature:21)
... Removed 4 stack frames]]>
    </failure>
  </testcase> <!-- runScenario -->
  <testcase classname="io.cucumber.testng.AbstractTestNGCucumberTests" name="runScenario" time="1.474">
    <failure type="java.lang.AssertionError" message="Value mismatch expected [Navya] but found [David]">
      <![CDATA[java.lang.AssertionError: Value mismatch expected [Navya] but found [David]
at validators.ReflectionComparator.compare(ReflectionComparator.java:83)
at validators.ReflectionComparator.compareFields(ReflectionComparator.java:168)
at validators.ReflectionComparator.compare(ReflectionComparator.java:102)
at validators.ReflectionComparator.compareFields(ReflectionComparator.java:168)
at validators.ReflectionComparator.compare(ReflectionComparator.java:102)
at validators.ReflectionComparator.compare(ReflectionComparator.java:51)
at validators.ResponseValidator.validatePojo(ResponseValidator.java:105)
at executor.ApiExecutor.validatePojo(ApiExecutor.java:353)
at stepdefinitions.BookingSteps.validateResponse(BookingSteps.java:69)
at ✽.the response should match "booking/ExpectedBooking.json"(file:///C:/Users/mohan/eclipse-workspace/RestAssured_APIAutomation_Framework/src/test/resources/features/Booking.feature:21)
... Removed 4 stack frames]]>
    </failure>
  </testcase> <!-- runScenario -->
</testsuite> <!-- API Tests -->
