<?xml version="1.0" encoding="UTF-8"?>
<!-- Generated by org.testng.reporters.JUnitXMLReporter -->
<testsuite ignored="0" hostname="Mohan" failures="3" tests="9" name="API Tests" time="10.563" errors="0" timestamp="2026-07-18T17:50:10 IST">
  <testcase classname="io.cucumber.testng.AbstractTestNGCucumberTests" name="runScenario" time="6.544">
    <skipped/>
  </testcase> <!-- runScenario -->
  <testcase classname="io.cucumber.testng.AbstractTestNGCucumberTests" name="runScenario" time="6.544">
    <skipped/>
  </testcase> <!-- runScenario -->
  <testcase classname="io.cucumber.testng.AbstractTestNGCucumberTests" name="runScenario" time="6.544">
    <skipped/>
  </testcase> <!-- runScenario -->
  <testcase classname="io.cucumber.testng.AbstractTestNGCucumberTests" name="runScenario" time="1.338">
    <skipped/>
  </testcase> <!-- runScenario -->
  <testcase classname="io.cucumber.testng.AbstractTestNGCucumberTests" name="runScenario" time="1.347">
    <skipped/>
  </testcase> <!-- runScenario -->
  <testcase classname="io.cucumber.testng.AbstractTestNGCucumberTests" name="runScenario" time="1.382">
    <skipped/>
  </testcase> <!-- runScenario -->
  <testcase classname="io.cucumber.testng.AbstractTestNGCucumberTests" name="runScenario" time="1.338">
    <failure type="java.lang.AssertionError" message="Value mismatch expected [Navya] but found [John]">
      <![CDATA[java.lang.AssertionError: Value mismatch expected [Navya] but found [John]
at validators.ReflectionComparator.compare(ReflectionComparator.java:85)
at validators.ReflectionComparator.compareFields(ReflectionComparator.java:170)
at validators.ReflectionComparator.compare(ReflectionComparator.java:104)
at validators.ReflectionComparator.compareFields(ReflectionComparator.java:170)
at validators.ReflectionComparator.compare(ReflectionComparator.java:104)
at validators.ReflectionComparator.compare(ReflectionComparator.java:53)
at validators.ResponseValidator.validatePojo(ResponseValidator.java:106)
at core.ApiExecutor.validatePojo(ApiExecutor.java:354)
at stepdefinitions.BookingSteps.validateResponse(BookingSteps.java:69)
at ✽.the response should match "booking/ExpectedBooking.json"(file:///C:/Users/mohan/eclipse-workspace/RestAssured_APIAutomation_Framework/src/test/resources/features/Booking.feature:21)
... Removed 4 stack frames]]>
    </failure>
  </testcase> <!-- runScenario -->
  <testcase classname="io.cucumber.testng.AbstractTestNGCucumberTests" name="runScenario" time="1.324">
    <failure type="java.lang.AssertionError" message="Value mismatch expected [Navya] but found [David]">
      <![CDATA[java.lang.AssertionError: Value mismatch expected [Navya] but found [David]
at validators.ReflectionComparator.compare(ReflectionComparator.java:85)
at validators.ReflectionComparator.compareFields(ReflectionComparator.java:170)
at validators.ReflectionComparator.compare(ReflectionComparator.java:104)
at validators.ReflectionComparator.compareFields(ReflectionComparator.java:170)
at validators.ReflectionComparator.compare(ReflectionComparator.java:104)
at validators.ReflectionComparator.compare(ReflectionComparator.java:53)
at validators.ResponseValidator.validatePojo(ResponseValidator.java:106)
at core.ApiExecutor.validatePojo(ApiExecutor.java:354)
at stepdefinitions.BookingSteps.validateResponse(BookingSteps.java:69)
at ✽.the response should match "booking/ExpectedBooking.json"(file:///C:/Users/mohan/eclipse-workspace/RestAssured_APIAutomation_Framework/src/test/resources/features/Booking.feature:21)
... Removed 4 stack frames]]>
    </failure>
  </testcase> <!-- runScenario -->
  <testcase classname="io.cucumber.testng.AbstractTestNGCucumberTests" name="runScenario" time="1.406">
    <failure type="java.lang.AssertionError" message="Value mismatch expected [Navya] but found [Alex]">
      <![CDATA[java.lang.AssertionError: Value mismatch expected [Navya] but found [Alex]
at validators.ReflectionComparator.compare(ReflectionComparator.java:85)
at validators.ReflectionComparator.compareFields(ReflectionComparator.java:170)
at validators.ReflectionComparator.compare(ReflectionComparator.java:104)
at validators.ReflectionComparator.compareFields(ReflectionComparator.java:170)
at validators.ReflectionComparator.compare(ReflectionComparator.java:104)
at validators.ReflectionComparator.compare(ReflectionComparator.java:53)
at validators.ResponseValidator.validatePojo(ResponseValidator.java:106)
at core.ApiExecutor.validatePojo(ApiExecutor.java:354)
at stepdefinitions.BookingSteps.validateResponse(BookingSteps.java:69)
at ✽.the response should match "booking/ExpectedBooking.json"(file:///C:/Users/mohan/eclipse-workspace/RestAssured_APIAutomation_Framework/src/test/resources/features/Booking.feature:21)
... Removed 4 stack frames]]>
    </failure>
  </testcase> <!-- runScenario -->
</testsuite> <!-- API Tests -->
