<?xml version="1.0" encoding="UTF-8"?>
<testsuite xmlns:xsi="http://www.w3.org/2001/XMLSchema-instance" xsi:noNamespaceSchemaLocation="https://maven.apache.org/surefire/maven-surefire-plugin/xsd/surefire-test-report.xsd" version="3.0.1" name="TestSuite" time="11.599" tests="9" errors="0" skipped="6" failures="3">
  <properties>
[...]
</properties>
  <testcase name="runScenario[&quot;Successfully create booking&quot;, &quot;Create Booking API&quot;](3)" classname="runners.TestRunner" time="0.0">
    <skipped message="Value mismatch expected [Navya] but found [Alex]"/>
    <system-out><![CDATA[
@Booking @CreateBooking
Scenario Outline: Successfully create booking                  # src/test/resources/features/Booking.feature:26

@Booking @CreateBooking
Scenario Outline: Successfully create booking                  # src/test/resources/features/Booking.feature:27

@Booking @CreateBooking
Scenario Outline: Successfully create booking                  # src/test/resources/features/Booking.feature:25
  Given I load default booking request                         # stepdefinitions.BookingSteps.loadDefaultBookingRequest()
  Given I load default booking request                         # stepdefinitions.BookingSteps.loadDefaultBookingRequest()
  Given I load default booking request                         # stepdefinitions.BookingSteps.loadDefaultBookingRequest()
  And I update firstname as "John"                             # stepdefinitions.BookingSteps.updateFirstName(java.lang.String)
  And I update firstname as "Alex"                             # stepdefinitions.BookingSteps.updateFirstName(java.lang.String)
  And I update firstname as "David"                            # stepdefinitions.BookingSteps.updateFirstName(java.lang.String)
  And I update lastname as "Peter"                             # stepdefinitions.BookingSteps.updateLastName(java.lang.String)
  And I update lastname as "Kumar"                             # stepdefinitions.BookingSteps.updateLastName(java.lang.String)
  And I update totalprice as "900"                             # stepdefinitions.BookingSteps.updateTotalPrice(java.lang.String)
  And I update totalprice as "700"                             # stepdefinitions.BookingSteps.updateTotalPrice(java.lang.String)
  And I update lastname as "Smith"                             # stepdefinitions.BookingSteps.updateLastName(java.lang.String)
  And I update totalprice as "500"                             # stepdefinitions.BookingSteps.updateTotalPrice(java.lang.String)
  When I send a POST request to endpoint "booker.booking"      # stepdefinitions.BookingSteps.sendPostRequest(java.lang.String)
  When I send a POST request to endpoint "booker.booking"      # stepdefinitions.BookingSteps.sendPostRequest(java.lang.String)
  When I send a POST request to endpoint "booker.booking"      # stepdefinitions.BookingSteps.sendPostRequest(java.lang.String)
  Then the response status code should be 200                  # stepdefinitions.BookingSteps.validateStatusCode(java.lang.Integer)
  Then the response status code should be 200                  # stepdefinitions.BookingSteps.validateStatusCode(java.lang.Integer)
  Then the response status code should be 200                  # stepdefinitions.BookingSteps.validateStatusCode(java.lang.Integer)
  And the response should contain field "bookingid"            # stepdefinitions.BookingSteps.validateField(java.lang.String)
  And the response should contain field "bookingid"            # stepdefinitions.BookingSteps.validateField(java.lang.String)
  And the response should contain field "bookingid"            # stepdefinitions.BookingSteps.validateField(java.lang.String)
  And the response should match "booking/ExpectedBooking.json" # stepdefinitions.BookingSteps.validateResponse(java.lang.String)
      java.lang.AssertionError: Value mismatch expected [Navya] but found [David]
	at org.testng.Assert.fail(Assert.java:111)
	at org.testng.Assert.failNotEquals(Assert.java:1578)
	at org.testng.Assert.assertEqualsImpl(Assert.java:150)
	at org.testng.Assert.assertEquals(Assert.java:132)
	at validators.ReflectionComparator.compare(ReflectionComparator.java:85)
	at validators.ReflectionComparator.compareFields(ReflectionComparator.java:170)
	at validators.ReflectionComparator.compare(ReflectionComparator.java:104)
	at validators.ReflectionComparator.compareFields(ReflectionComparator.java:170)
	at validators.ReflectionComparator.compare(ReflectionComparator.java:104)
	at validators.ReflectionComparator.compare(ReflectionComparator.java:53)
	at validators.ResponseValidator.validatePojo(ResponseValidator.java:106)
	at core.ApiExecutor.validatePojo(ApiExecutor.java:354)
	at stepdefinitions.BookingSteps.validateResponse(BookingSteps.java:69)
	at âœ½.the response should match "booking/ExpectedBooking.json"(file:///C:/Users/mohan/eclipse-workspace/RestAssured_APIAutomation_Framework/src/test/resources/features/Booking.feature:21)

  And the response should match "booking/ExpectedBooking.json" # stepdefinitions.BookingSteps.validateResponse(java.lang.String)
      java.lang.AssertionError: Value mismatch expected [Navya] but found [Alex]
	at org.testng.Assert.fail(Assert.java:111)
	at org.testng.Assert.failNotEquals(Assert.java:1578)
	at org.testng.Assert.assertEqualsImpl(Assert.java:150)
	at org.testng.Assert.assertEquals(Assert.java:132)
	at validators.ReflectionComparator.compare(ReflectionComparator.java:85)
	at validators.ReflectionComparator.compareFields(ReflectionComparator.java:170)
	at validators.ReflectionComparator.compare(ReflectionComparator.java:104)
	at validators.ReflectionComparator.compareFields(ReflectionComparator.java:170)
	at validators.ReflectionComparator.compare(ReflectionComparator.java:104)
	at validators.ReflectionComparator.compare(ReflectionComparator.java:53)
	at validators.ResponseValidator.validatePojo(ResponseValidator.java:106)
	at core.ApiExecutor.validatePojo(ApiExecutor.java:354)
	at stepdefinitions.BookingSteps.validateResponse(BookingSteps.java:69)
	at âœ½.the response should match "booking/ExpectedBooking.json"(file:///C:/Users/mohan/eclipse-workspace/RestAssured_APIAutomation_Framework/src/test/resources/features/Booking.feature:21)

  And the response should match "booking/ExpectedBooking.json" # stepdefinitions.BookingSteps.validateResponse(java.lang.String)
      java.lang.AssertionError: Value mismatch expected [Navya] but found [John]
	at org.testng.Assert.fail(Assert.java:111)
	at org.testng.Assert.failNotEquals(Assert.java:1578)
	at org.testng.Assert.assertEqualsImpl(Assert.java:150)
	at org.testng.Assert.assertEquals(Assert.java:132)
	at validators.ReflectionComparator.compare(ReflectionComparator.java:85)
	at validators.ReflectionComparator.compareFields(ReflectionComparator.java:170)
	at validators.ReflectionComparator.compare(ReflectionComparator.java:104)
	at validators.ReflectionComparator.compareFields(ReflectionComparator.java:170)
	at validators.ReflectionComparator.compare(ReflectionComparator.java:104)
	at validators.ReflectionComparator.compare(ReflectionComparator.java:53)
	at validators.ResponseValidator.validatePojo(ResponseValidator.java:106)
	at core.ApiExecutor.validatePojo(ApiExecutor.java:354)
	at stepdefinitions.BookingSteps.validateResponse(BookingSteps.java:69)
	at âœ½.the response should match "booking/ExpectedBooking.json"(file:///C:/Users/mohan/eclipse-workspace/RestAssured_APIAutomation_Framework/src/test/resources/features/Booking.feature:21)

]]></system-out>
    <system-err><![CDATA[SLF4J: Failed to load class "org.slf4j.impl.StaticLoggerBinder".
SLF4J: Defaulting to no-operation (NOP) logger implementation
SLF4J: See http://www.slf4j.org/codes.html#StaticLoggerBinder for further details.
]]></system-err>
  </testcase>
  <testcase name="runScenario[&quot;Successfully create booking&quot;, &quot;Create Booking API&quot;](3)" classname="runners.TestRunner" time="0.0">
    <skipped message="Value mismatch expected [Navya] but found [David]"/>
  </testcase>
  <testcase name="runScenario[&quot;Successfully create booking&quot;, &quot;Create Booking API&quot;](3)" classname="runners.TestRunner" time="0.0">
    <skipped message="Value mismatch expected [Navya] but found [John]"/>
  </testcase>
  <testcase name="runScenario[&quot;Successfully create booking&quot;, &quot;Create Booking API&quot;](4)" classname="runners.TestRunner" time="0.0">
    <skipped message="Value mismatch expected [Navya] but found [Alex]"/>
    <system-out><![CDATA[
@Booking @CreateBooking
Scenario Outline: Successfully create booking                  # src/test/resources/features/Booking.feature:26

@Booking @CreateBooking
Scenario Outline: Successfully create booking                  # src/test/resources/features/Booking.feature:25

@Booking @CreateBooking
Scenario Outline: Successfully create booking                  # src/test/resources/features/Booking.feature:27
  Given I load default booking request                         # stepdefinitions.BookingSteps.loadDefaultBookingRequest()
  Given I load default booking request                         # stepdefinitions.BookingSteps.loadDefaultBookingRequest()
  Given I load default booking request                         # stepdefinitions.BookingSteps.loadDefaultBookingRequest()
  And I update firstname as "John"                             # stepdefinitions.BookingSteps.updateFirstName(java.lang.String)
  And I update firstname as "Alex"                             # stepdefinitions.BookingSteps.updateFirstName(java.lang.String)
  And I update lastname as "Peter"                             # stepdefinitions.BookingSteps.updateLastName(java.lang.String)
  And I update firstname as "David"                            # stepdefinitions.BookingSteps.updateFirstName(java.lang.String)
  And I update totalprice as "900"                             # stepdefinitions.BookingSteps.updateTotalPrice(java.lang.String)
  And I update lastname as "Smith"                             # stepdefinitions.BookingSteps.updateLastName(java.lang.String)
  And I update totalprice as "500"                             # stepdefinitions.BookingSteps.updateTotalPrice(java.lang.String)
  And I update lastname as "Kumar"                             # stepdefinitions.BookingSteps.updateLastName(java.lang.String)
  And I update totalprice as "700"                             # stepdefinitions.BookingSteps.updateTotalPrice(java.lang.String)
  When I send a POST request to endpoint "booker.booking"      # stepdefinitions.BookingSteps.sendPostRequest(java.lang.String)
  When I send a POST request to endpoint "booker.booking"      # stepdefinitions.BookingSteps.sendPostRequest(java.lang.String)
  Then the response status code should be 200                  # stepdefinitions.BookingSteps.validateStatusCode(java.lang.Integer)
  Then the response status code should be 200                  # stepdefinitions.BookingSteps.validateStatusCode(java.lang.Integer)
  And the response should contain field "bookingid"            # stepdefinitions.BookingSteps.validateField(java.lang.String)
  And the response should contain field "bookingid"            # stepdefinitions.BookingSteps.validateField(java.lang.String)
  And the response should match "booking/ExpectedBooking.json" # stepdefinitions.BookingSteps.validateResponse(java.lang.String)
      java.lang.AssertionError: Value mismatch expected [Navya] but found [Alex]
	at org.testng.Assert.fail(Assert.java:111)
	at org.testng.Assert.failNotEquals(Assert.java:1578)
	at org.testng.Assert.assertEqualsImpl(Assert.java:150)
	at org.testng.Assert.assertEquals(Assert.java:132)
	at validators.ReflectionComparator.compare(ReflectionComparator.java:85)
	at validators.ReflectionComparator.compareFields(ReflectionComparator.java:170)
	at validators.ReflectionComparator.compare(ReflectionComparator.java:104)
	at validators.ReflectionComparator.compareFields(ReflectionComparator.java:170)
	at validators.ReflectionComparator.compare(ReflectionComparator.java:104)
	at validators.ReflectionComparator.compare(ReflectionComparator.java:53)
	at validators.ResponseValidator.validatePojo(ResponseValidator.java:106)
	at core.ApiExecutor.validatePojo(ApiExecutor.java:354)
	at stepdefinitions.BookingSteps.validateResponse(BookingSteps.java:69)
	at âœ½.the response should match "booking/ExpectedBooking.json"(file:///C:/Users/mohan/eclipse-workspace/RestAssured_APIAutomation_Framework/src/test/resources/features/Booking.feature:21)

  And the response should match "booking/ExpectedBooking.json" # stepdefinitions.BookingSteps.validateResponse(java.lang.String)
      java.lang.AssertionError: Value mismatch expected [Navya] but found [John]
	at org.testng.Assert.fail(Assert.java:111)
	at org.testng.Assert.failNotEquals(Assert.java:1578)
	at org.testng.Assert.assertEqualsImpl(Assert.java:150)
	at org.testng.Assert.assertEquals(Assert.java:132)
	at validators.ReflectionComparator.compare(ReflectionComparator.java:85)
	at validators.ReflectionComparator.compareFields(ReflectionComparator.java:170)
	at validators.ReflectionComparator.compare(ReflectionComparator.java:104)
	at validators.ReflectionComparator.compareFields(ReflectionComparator.java:170)
	at validators.ReflectionComparator.compare(ReflectionComparator.java:104)
	at validators.ReflectionComparator.compare(ReflectionComparator.java:53)
	at validators.ResponseValidator.validatePojo(ResponseValidator.java:106)
	at core.ApiExecutor.validatePojo(ApiExecutor.java:354)
	at stepdefinitions.BookingSteps.validateResponse(BookingSteps.java:69)
	at âœ½.the response should match "booking/ExpectedBooking.json"(file:///C:/Users/mohan/eclipse-workspace/RestAssured_APIAutomation_Framework/src/test/resources/features/Booking.feature:21)

  When I send a POST request to endpoint "booker.booking"      # stepdefinitions.BookingSteps.sendPostRequest(java.lang.String)
  Then the response status code should be 200                  # stepdefinitions.BookingSteps.validateStatusCode(java.lang.Integer)
]]></system-out>
  </testcase>
  <testcase name="runScenario[&quot;Successfully create booking&quot;, &quot;Create Booking API&quot;](5)" classname="runners.TestRunner" time="0.0">
    <skipped message="Value mismatch expected [Navya] but found [John]"/>
    <system-out><![CDATA[
@Booking @CreateBooking
Scenario Outline: Successfully create booking                  # src/test/resources/features/Booking.feature:27
  And the response should contain field "bookingid"            # stepdefinitions.BookingSteps.validateField(java.lang.String)
]]></system-out>
  </testcase>
  <testcase name="runScenario[&quot;Successfully create booking&quot;, &quot;Create Booking API&quot;](6)" classname="runners.TestRunner" time="0.0">
    <skipped message="Value mismatch expected [Navya] but found [David]"/>
    <system-out><![CDATA[  Given I load default booking request                         # stepdefinitions.BookingSteps.loadDefaultBookingRequest()
  And I update firstname as "Alex"                             # stepdefinitions.BookingSteps.updateFirstName(java.lang.String)
  And I update lastname as "Peter"                             # stepdefinitions.BookingSteps.updateLastName(java.lang.String)
  And I update totalprice as "900"                             # stepdefinitions.BookingSteps.updateTotalPrice(java.lang.String)

@Booking @CreateBooking
Scenario Outline: Successfully create booking                  # src/test/resources/features/Booking.feature:25
  And the response should match "booking/ExpectedBooking.json" # stepdefinitions.BookingSteps.validateResponse(java.lang.String)
      java.lang.AssertionError: Value mismatch expected [Navya] but found [David]
	at org.testng.Assert.fail(Assert.java:111)
	at org.testng.Assert.failNotEquals(Assert.java:1578)
	at org.testng.Assert.assertEqualsImpl(Assert.java:150)
	at org.testng.Assert.assertEquals(Assert.java:132)
	at validators.ReflectionComparator.compare(ReflectionComparator.java:85)
	at validators.ReflectionComparator.compareFields(ReflectionComparator.java:170)
	at validators.ReflectionComparator.compare(ReflectionComparator.java:104)
	at validators.ReflectionComparator.compareFields(ReflectionComparator.java:170)
	at validators.ReflectionComparator.compare(ReflectionComparator.java:104)
	at validators.ReflectionComparator.compare(ReflectionComparator.java:53)
	at validators.ResponseValidator.validatePojo(ResponseValidator.java:106)
	at core.ApiExecutor.validatePojo(ApiExecutor.java:354)
	at stepdefinitions.BookingSteps.validateResponse(BookingSteps.java:69)
	at âœ½.the response should match "booking/ExpectedBooking.json"(file:///C:/Users/mohan/eclipse-workspace/RestAssured_APIAutomation_Framework/src/test/resources/features/Booking.feature:21)

  Given I load default booking request                         # stepdefinitions.BookingSteps.loadDefaultBookingRequest()
  And I update firstname as "John"                             # stepdefinitions.BookingSteps.updateFirstName(java.lang.String)
  And I update lastname as "Smith"                             # stepdefinitions.BookingSteps.updateLastName(java.lang.String)
  And I update totalprice as "500"                             # stepdefinitions.BookingSteps.updateTotalPrice(java.lang.String)
]]></system-out>
  </testcase>
  <testcase name="runScenario[&quot;Successfully create booking&quot;, &quot;Create Booking API&quot;](7)" classname="runners.TestRunner" time="1.306">
    <failure message="Value mismatch expected [Navya] but found [John]" type="java.lang.AssertionError"><![CDATA[java.lang.AssertionError: Value mismatch expected [Navya] but found [John]
	at org.testng.Assert.fail(Assert.java:111)
	at org.testng.Assert.failNotEquals(Assert.java:1578)
	at org.testng.Assert.assertEqualsImpl(Assert.java:150)
	at org.testng.Assert.assertEquals(Assert.java:132)
	at validators.ReflectionComparator.compare(ReflectionComparator.java:85)
	at validators.ReflectionComparator.compareFields(ReflectionComparator.java:170)
	at validators.ReflectionComparator.compare(ReflectionComparator.java:104)
	at validators.ReflectionComparator.compareFields(ReflectionComparator.java:170)
	at validators.ReflectionComparator.compare(ReflectionComparator.java:104)
	at validators.ReflectionComparator.compare(ReflectionComparator.java:53)
	at validators.ResponseValidator.validatePojo(ResponseValidator.java:106)
	at core.ApiExecutor.validatePojo(ApiExecutor.java:354)
	at stepdefinitions.BookingSteps.validateResponse(BookingSteps.java:69)
	at ✽.the response should match "booking/ExpectedBooking.json"(file:///C:/Users/mohan/eclipse-workspace/RestAssured_APIAutomation_Framework/src/test/resources/features/Booking.feature:21)
]]></failure>
    <system-out><![CDATA[
@Booking @CreateBooking
Scenario Outline: Successfully create booking                  # src/test/resources/features/Booking.feature:26
  Given I load default booking request                         # stepdefinitions.BookingSteps.loadDefaultBookingRequest()
  And I update firstname as "David"                            # stepdefinitions.BookingSteps.updateFirstName(java.lang.String)
  And I update lastname as "Kumar"                             # stepdefinitions.BookingSteps.updateLastName(java.lang.String)
  And I update totalprice as "700"                             # stepdefinitions.BookingSteps.updateTotalPrice(java.lang.String)
  When I send a POST request to endpoint "booker.booking"      # stepdefinitions.BookingSteps.sendPostRequest(java.lang.String)
  Then the response status code should be 200                  # stepdefinitions.BookingSteps.validateStatusCode(java.lang.Integer)
  When I send a POST request to endpoint "booker.booking"      # stepdefinitions.BookingSteps.sendPostRequest(java.lang.String)
  Then the response status code should be 200                  # stepdefinitions.BookingSteps.validateStatusCode(java.lang.Integer)
  And the response should contain field "bookingid"            # stepdefinitions.BookingSteps.validateField(java.lang.String)
  And the response should match "booking/ExpectedBooking.json" # stepdefinitions.BookingSteps.validateResponse(java.lang.String)
      java.lang.AssertionError: Value mismatch expected [Navya] but found [John]
	at org.testng.Assert.fail(Assert.java:111)
	at org.testng.Assert.failNotEquals(Assert.java:1578)
	at org.testng.Assert.assertEqualsImpl(Assert.java:150)
	at org.testng.Assert.assertEquals(Assert.java:132)
	at validators.ReflectionComparator.compare(ReflectionComparator.java:85)
	at validators.ReflectionComparator.compareFields(ReflectionComparator.java:170)
	at validators.ReflectionComparator.compare(ReflectionComparator.java:104)
	at validators.ReflectionComparator.compareFields(ReflectionComparator.java:170)
	at validators.ReflectionComparator.compare(ReflectionComparator.java:104)
	at validators.ReflectionComparator.compare(ReflectionComparator.java:53)
	at validators.ResponseValidator.validatePojo(ResponseValidator.java:106)
	at core.ApiExecutor.validatePojo(ApiExecutor.java:354)
	at stepdefinitions.BookingSteps.validateResponse(BookingSteps.java:69)
	at âœ½.the response should match "booking/ExpectedBooking.json"(file:///C:/Users/mohan/eclipse-workspace/RestAssured_APIAutomation_Framework/src/test/resources/features/Booking.feature:21)

  And the response should contain field "bookingid"            # stepdefinitions.BookingSteps.validateField(java.lang.String)
  And the response should match "booking/ExpectedBooking.json" # stepdefinitions.BookingSteps.validateResponse(java.lang.String)
      java.lang.AssertionError: Value mismatch expected [Navya] but found [David]
	at org.testng.Assert.fail(Assert.java:111)
	at org.testng.Assert.failNotEquals(Assert.java:1578)
	at org.testng.Assert.assertEqualsImpl(Assert.java:150)
	at org.testng.Assert.assertEquals(Assert.java:132)
	at validators.ReflectionComparator.compare(ReflectionComparator.java:85)
	at validators.ReflectionComparator.compareFields(ReflectionComparator.java:170)
	at validators.ReflectionComparator.compare(ReflectionComparator.java:104)
	at validators.ReflectionComparator.compareFields(ReflectionComparator.java:170)
	at validators.ReflectionComparator.compare(ReflectionComparator.java:104)
	at validators.ReflectionComparator.compare(ReflectionComparator.java:53)
	at validators.ResponseValidator.validatePojo(ResponseValidator.java:106)
	at core.ApiExecutor.validatePojo(ApiExecutor.java:354)
	at stepdefinitions.BookingSteps.validateResponse(BookingSteps.java:69)
	at âœ½.the response should match "booking/ExpectedBooking.json"(file:///C:/Users/mohan/eclipse-workspace/RestAssured_APIAutomation_Framework/src/test/resources/features/Booking.feature:21)

]]></system-out>
  </testcase>
  <testcase name="runScenario[&quot;Successfully create booking&quot;, &quot;Create Booking API&quot;](8)" classname="runners.TestRunner" time="1.323">
    <failure message="Value mismatch expected [Navya] but found [David]" type="java.lang.AssertionError"><![CDATA[java.lang.AssertionError: Value mismatch expected [Navya] but found [David]
	at org.testng.Assert.fail(Assert.java:111)
	at org.testng.Assert.failNotEquals(Assert.java:1578)
	at org.testng.Assert.assertEqualsImpl(Assert.java:150)
	at org.testng.Assert.assertEquals(Assert.java:132)
	at validators.ReflectionComparator.compare(ReflectionComparator.java:85)
	at validators.ReflectionComparator.compareFields(ReflectionComparator.java:170)
	at validators.ReflectionComparator.compare(ReflectionComparator.java:104)
	at validators.ReflectionComparator.compareFields(ReflectionComparator.java:170)
	at validators.ReflectionComparator.compare(ReflectionComparator.java:104)
	at validators.ReflectionComparator.compare(ReflectionComparator.java:53)
	at validators.ResponseValidator.validatePojo(ResponseValidator.java:106)
	at core.ApiExecutor.validatePojo(ApiExecutor.java:354)
	at stepdefinitions.BookingSteps.validateResponse(BookingSteps.java:69)
	at ✽.the response should match "booking/ExpectedBooking.json"(file:///C:/Users/mohan/eclipse-workspace/RestAssured_APIAutomation_Framework/src/test/resources/features/Booking.feature:21)
]]></failure>
    <system-out><![CDATA[  When I send a POST request to endpoint "booker.booking"      # stepdefinitions.BookingSteps.sendPostRequest(java.lang.String)
  Then the response status code should be 200                  # stepdefinitions.BookingSteps.validateStatusCode(java.lang.Integer)
]]></system-out>
  </testcase>
  <testcase name="runScenario[&quot;Successfully create booking&quot;, &quot;Create Booking API&quot;](9)" classname="runners.TestRunner" time="1.361">
    <failure message="Value mismatch expected [Navya] but found [Alex]" type="java.lang.AssertionError"><![CDATA[java.lang.AssertionError: Value mismatch expected [Navya] but found [Alex]
	at org.testng.Assert.fail(Assert.java:111)
	at org.testng.Assert.failNotEquals(Assert.java:1578)
	at org.testng.Assert.assertEqualsImpl(Assert.java:150)
	at org.testng.Assert.assertEquals(Assert.java:132)
	at validators.ReflectionComparator.compare(ReflectionComparator.java:85)
	at validators.ReflectionComparator.compareFields(ReflectionComparator.java:170)
	at validators.ReflectionComparator.compare(ReflectionComparator.java:104)
	at validators.ReflectionComparator.compareFields(ReflectionComparator.java:170)
	at validators.ReflectionComparator.compare(ReflectionComparator.java:104)
	at validators.ReflectionComparator.compare(ReflectionComparator.java:53)
	at validators.ResponseValidator.validatePojo(ResponseValidator.java:106)
	at core.ApiExecutor.validatePojo(ApiExecutor.java:354)
	at stepdefinitions.BookingSteps.validateResponse(BookingSteps.java:69)
	at ✽.the response should match "booking/ExpectedBooking.json"(file:///C:/Users/mohan/eclipse-workspace/RestAssured_APIAutomation_Framework/src/test/resources/features/Booking.feature:21)
]]></failure>
    <system-out><![CDATA[  And the response should contain field "bookingid"            # stepdefinitions.BookingSteps.validateField(java.lang.String)
  And the response should match "booking/ExpectedBooking.json" # stepdefinitions.BookingSteps.validateResponse(java.lang.String)
      java.lang.AssertionError: Value mismatch expected [Navya] but found [Alex]
	at org.testng.Assert.fail(Assert.java:111)
	at org.testng.Assert.failNotEquals(Assert.java:1578)
	at org.testng.Assert.assertEqualsImpl(Assert.java:150)
	at org.testng.Assert.assertEquals(Assert.java:132)
	at validators.ReflectionComparator.compare(ReflectionComparator.java:85)
	at validators.ReflectionComparator.compareFields(ReflectionComparator.java:170)
	at validators.ReflectionComparator.compare(ReflectionComparator.java:104)
	at validators.ReflectionComparator.compareFields(ReflectionComparator.java:170)
	at validators.ReflectionComparator.compare(ReflectionComparator.java:104)
	at validators.ReflectionComparator.compare(ReflectionComparator.java:53)
	at validators.ResponseValidator.validatePojo(ResponseValidator.java:106)
	at core.ApiExecutor.validatePojo(ApiExecutor.java:354)
	at stepdefinitions.BookingSteps.validateResponse(BookingSteps.java:69)
	at âœ½.the response should match "booking/ExpectedBooking.json"(file:///C:/Users/mohan/eclipse-workspace/RestAssured_APIAutomation_Framework/src/test/resources/features/Booking.feature:21)

]]></system-out>
  </testcase>
</testsuite>