<?xml version="1.0" encoding="UTF-8"?>
<testng-results retried="6" ignored="6" total="15" passed="0" failed="3" skipped="0">
  <reporter-output>
  </reporter-output>
  <suite started-at="2026-07-18T17:49:59 IST" name="API Automation Suite" finished-at="2026-07-18T17:50:10 IST" duration-ms="10563">
    <groups>
      <group name="cucumber">
        <method signature="AbstractTestNGCucumberTests.runScenario(io.cucumber.testng.PickleWrapper,io.cucumber.testng.FeatureWrapper)[pri:0, instance:runners.TestRunner@7f3b84b8]" name="runScenario" class="io.cucumber.testng.AbstractTestNGCucumberTests"/>
      </group> <!-- cucumber -->
    </groups>
    <test started-at="2026-07-18T17:49:59 IST" name="API Tests" finished-at="2026-07-18T17:50:10 IST" duration-ms="10563">
      <class name="runners.TestRunner">
        <test-method is-config="true" signature="setUpClass(org.testng.ITestContext)[pri:0, instance:runners.TestRunner@7f3b84b8]" started-at="2026-07-18T17:49:59 IST" name="setUpClass" finished-at="2026-07-18T17:50:00 IST" duration-ms="1098" status="PASS">
          <params>
            <param index="0">
              <value>
                <![CDATA[org.testng.TestRunner@38e79ae3]]>
              </value>
            </param>
          </params>
          <reporter-output>
          </reporter-output>
        </test-method> <!-- setUpClass -->
        <test-method retried="true" signature="runScenario(io.cucumber.testng.PickleWrapper,io.cucumber.testng.FeatureWrapper)[pri:0, instance:runners.TestRunner@7f3b84b8]" started-at="2026-07-18T17:50:00 IST" name="runScenario" description="Runs Cucumber Scenarios" data-provider="scenarios" finished-at="2026-07-18T17:50:07 IST" duration-ms="6544" status="SKIP">
          <params>
            <param index="0">
              <value>
                <![CDATA["Successfully create booking"]]>
              </value>
            </param>
            <param index="1">
              <value>
                <![CDATA["Create Booking API"]]>
              </value>
            </param>
          </params>
          <exception class="java.lang.AssertionError">
            <message>
              <![CDATA[Value mismatch expected [Navya] but found [David]]]>
            </message>
            <full-stacktrace>
              <![CDATA[java.lang.AssertionError: Value mismatch expected [Navya] but found [David]
at org.testng.Assert.fail(Assert.java:111)
at org.testng.Assert.failNotEquals(Assert.java:1578)
at org.testng.Assert.assertEqualsImpl(Assert.java:150)
at org.testng.Assert.assertEquals(Assert.java:132)
at validators.ReflectionComparator.compare(ReflectionComparator.java:85)
at validators.ReflectionComparator.compareFields(ReflectionComparator.java:170)
at validators.ReflectionComparator.compare(ReflectionComparator.java:104)
at validators.ReflectionComparator.compareFields(ReflectionComparator.java:170)
at validators.ReflectionComparator.compare(ReflectionComparator.java:104)
at validators.ReflectionComparator.compare(ReflectionComparator.java:53)
at validators.ResponseValidator.validatePojo(ResponseValidator.java:106)
at core.ApiExecutor.validatePojo(ApiExecutor.java:354)
at stepdefinitions.BookingSteps.validateResponse(BookingSteps.java:69)
at ✽.the response should match "booking/ExpectedBooking.json"(file:///C:/Users/mohan/eclipse-workspace/RestAssured_APIAutomation_Framework/src/test/resources/features/Booking.feature:21)
]]>
            </full-stacktrace>
          </exception> <!-- java.lang.AssertionError -->
          <reporter-output>
          </reporter-output>
        </test-method> <!-- runScenario -->
        <test-method retried="true" signature="runScenario(io.cucumber.testng.PickleWrapper,io.cucumber.testng.FeatureWrapper)[pri:0, instance:runners.TestRunner@7f3b84b8]" started-at="2026-07-18T17:50:00 IST" name="runScenario" description="Runs Cucumber Scenarios" data-provider="scenarios" finished-at="2026-07-18T17:50:07 IST" duration-ms="6544" status="SKIP">
          <params>
            <param index="0">
              <value>
                <![CDATA["Successfully create booking"]]>
              </value>
            </param>
            <param index="1">
              <value>
                <![CDATA["Create Booking API"]]>
              </value>
            </param>
          </params>
          <exception class="java.lang.AssertionError">
            <message>
              <![CDATA[Value mismatch expected [Navya] but found [John]]]>
            </message>
            <full-stacktrace>
              <![CDATA[java.lang.AssertionError: Value mismatch expected [Navya] but found [John]
at org.testng.Assert.fail(Assert.java:111)
at org.testng.Assert.failNotEquals(Assert.java:1578)
at org.testng.Assert.assertEqualsImpl(Assert.java:150)
at org.testng.Assert.assertEquals(Assert.java:132)
at validators.ReflectionComparator.compare(ReflectionComparator.java:85)
at validators.ReflectionComparator.compareFields(ReflectionComparator.java:170)
at validators.ReflectionComparator.compare(ReflectionComparator.java:104)
at validators.ReflectionComparator.compareFields(ReflectionComparator.java:170)
at validators.ReflectionComparator.compare(ReflectionComparator.java:104)
at validators.ReflectionComparator.compare(ReflectionComparator.java:53)
at validators.ResponseValidator.validatePojo(ResponseValidator.java:106)
at core.ApiExecutor.validatePojo(ApiExecutor.java:354)
at stepdefinitions.BookingSteps.validateResponse(BookingSteps.java:69)
at ✽.the response should match "booking/ExpectedBooking.json"(file:///C:/Users/mohan/eclipse-workspace/RestAssured_APIAutomation_Framework/src/test/resources/features/Booking.feature:21)
]]>
            </full-stacktrace>
          </exception> <!-- java.lang.AssertionError -->
          <reporter-output>
          </reporter-output>
        </test-method> <!-- runScenario -->
        <test-method retried="true" signature="runScenario(io.cucumber.testng.PickleWrapper,io.cucumber.testng.FeatureWrapper)[pri:0, instance:runners.TestRunner@7f3b84b8]" started-at="2026-07-18T17:50:00 IST" name="runScenario" description="Runs Cucumber Scenarios" data-provider="scenarios" finished-at="2026-07-18T17:50:07 IST" duration-ms="6544" status="SKIP">
          <params>
            <param index="0">
              <value>
                <![CDATA["Successfully create booking"]]>
              </value>
            </param>
            <param index="1">
              <value>
                <![CDATA["Create Booking API"]]>
              </value>
            </param>
          </params>
          <exception class="java.lang.AssertionError">
            <message>
              <![CDATA[Value mismatch expected [Navya] but found [Alex]]]>
            </message>
            <full-stacktrace>
              <![CDATA[java.lang.AssertionError: Value mismatch expected [Navya] but found [Alex]
at org.testng.Assert.fail(Assert.java:111)
at org.testng.Assert.failNotEquals(Assert.java:1578)
at org.testng.Assert.assertEqualsImpl(Assert.java:150)
at org.testng.Assert.assertEquals(Assert.java:132)
at validators.ReflectionComparator.compare(ReflectionComparator.java:85)
at validators.ReflectionComparator.compareFields(ReflectionComparator.java:170)
at validators.ReflectionComparator.compare(ReflectionComparator.java:104)
at validators.ReflectionComparator.compareFields(ReflectionComparator.java:170)
at validators.ReflectionComparator.compare(ReflectionComparator.java:104)
at validators.ReflectionComparator.compare(ReflectionComparator.java:53)
at validators.ResponseValidator.validatePojo(ResponseValidator.java:106)
at core.ApiExecutor.validatePojo(ApiExecutor.java:354)
at stepdefinitions.BookingSteps.validateResponse(BookingSteps.java:69)
at ✽.the response should match "booking/ExpectedBooking.json"(file:///C:/Users/mohan/eclipse-workspace/RestAssured_APIAutomation_Framework/src/test/resources/features/Booking.feature:21)
]]>
            </full-stacktrace>
          </exception> <!-- java.lang.AssertionError -->
          <reporter-output>
          </reporter-output>
        </test-method> <!-- runScenario -->
        <test-method retried="true" signature="runScenario(io.cucumber.testng.PickleWrapper,io.cucumber.testng.FeatureWrapper)[pri:0, instance:runners.TestRunner@7f3b84b8]" started-at="2026-07-18T17:50:07 IST" name="runScenario" description="Runs Cucumber Scenarios" data-provider="scenarios" finished-at="2026-07-18T17:50:08 IST" duration-ms="1338" status="SKIP">
          <params>
            <param index="0">
              <value>
                <![CDATA["Successfully create booking"]]>
              </value>
            </param>
            <param index="1">
              <value>
                <![CDATA["Create Booking API"]]>
              </value>
            </param>
          </params>
          <exception class="java.lang.AssertionError">
            <message>
              <![CDATA[Value mismatch expected [Navya] but found [Alex]]]>
            </message>
            <full-stacktrace>
              <![CDATA[java.lang.AssertionError: Value mismatch expected [Navya] but found [Alex]
at org.testng.Assert.fail(Assert.java:111)
at org.testng.Assert.failNotEquals(Assert.java:1578)
at org.testng.Assert.assertEqualsImpl(Assert.java:150)
at org.testng.Assert.assertEquals(Assert.java:132)
at validators.ReflectionComparator.compare(ReflectionComparator.java:85)
at validators.ReflectionComparator.compareFields(ReflectionComparator.java:170)
at validators.ReflectionComparator.compare(ReflectionComparator.java:104)
at validators.ReflectionComparator.compareFields(ReflectionComparator.java:170)
at validators.ReflectionComparator.compare(ReflectionComparator.java:104)
at validators.ReflectionComparator.compare(ReflectionComparator.java:53)
at validators.ResponseValidator.validatePojo(ResponseValidator.java:106)
at core.ApiExecutor.validatePojo(ApiExecutor.java:354)
at stepdefinitions.BookingSteps.validateResponse(BookingSteps.java:69)
at ✽.the response should match "booking/ExpectedBooking.json"(file:///C:/Users/mohan/eclipse-workspace/RestAssured_APIAutomation_Framework/src/test/resources/features/Booking.feature:21)
]]>
            </full-stacktrace>
          </exception> <!-- java.lang.AssertionError -->
          <reporter-output>
          </reporter-output>
        </test-method> <!-- runScenario -->
        <test-method retried="true" signature="runScenario(io.cucumber.testng.PickleWrapper,io.cucumber.testng.FeatureWrapper)[pri:0, instance:runners.TestRunner@7f3b84b8]" started-at="2026-07-18T17:50:07 IST" name="runScenario" description="Runs Cucumber Scenarios" data-provider="scenarios" finished-at="2026-07-18T17:50:08 IST" duration-ms="1347" status="SKIP">
          <params>
            <param index="0">
              <value>
                <![CDATA["Successfully create booking"]]>
              </value>
            </param>
            <param index="1">
              <value>
                <![CDATA["Create Booking API"]]>
              </value>
            </param>
          </params>
          <exception class="java.lang.AssertionError">
            <message>
              <![CDATA[Value mismatch expected [Navya] but found [John]]]>
            </message>
            <full-stacktrace>
              <![CDATA[java.lang.AssertionError: Value mismatch expected [Navya] but found [John]
at org.testng.Assert.fail(Assert.java:111)
at org.testng.Assert.failNotEquals(Assert.java:1578)
at org.testng.Assert.assertEqualsImpl(Assert.java:150)
at org.testng.Assert.assertEquals(Assert.java:132)
at validators.ReflectionComparator.compare(ReflectionComparator.java:85)
at validators.ReflectionComparator.compareFields(ReflectionComparator.java:170)
at validators.ReflectionComparator.compare(ReflectionComparator.java:104)
at validators.ReflectionComparator.compareFields(ReflectionComparator.java:170)
at validators.ReflectionComparator.compare(ReflectionComparator.java:104)
at validators.ReflectionComparator.compare(ReflectionComparator.java:53)
at validators.ResponseValidator.validatePojo(ResponseValidator.java:106)
at core.ApiExecutor.validatePojo(ApiExecutor.java:354)
at stepdefinitions.BookingSteps.validateResponse(BookingSteps.java:69)
at ✽.the response should match "booking/ExpectedBooking.json"(file:///C:/Users/mohan/eclipse-workspace/RestAssured_APIAutomation_Framework/src/test/resources/features/Booking.feature:21)
]]>
            </full-stacktrace>
          </exception> <!-- java.lang.AssertionError -->
          <reporter-output>
          </reporter-output>
        </test-method> <!-- runScenario -->
        <test-method retried="true" signature="runScenario(io.cucumber.testng.PickleWrapper,io.cucumber.testng.FeatureWrapper)[pri:0, instance:runners.TestRunner@7f3b84b8]" started-at="2026-07-18T17:50:07 IST" name="runScenario" description="Runs Cucumber Scenarios" data-provider="scenarios" finished-at="2026-07-18T17:50:08 IST" duration-ms="1382" status="SKIP">
          <params>
            <param index="0">
              <value>
                <![CDATA["Successfully create booking"]]>
              </value>
            </param>
            <param index="1">
              <value>
                <![CDATA["Create Booking API"]]>
              </value>
            </param>
          </params>
          <exception class="java.lang.AssertionError">
            <message>
              <![CDATA[Value mismatch expected [Navya] but found [David]]]>
            </message>
            <full-stacktrace>
              <![CDATA[java.lang.AssertionError: Value mismatch expected [Navya] but found [David]
at org.testng.Assert.fail(Assert.java:111)
at org.testng.Assert.failNotEquals(Assert.java:1578)
at org.testng.Assert.assertEqualsImpl(Assert.java:150)
at org.testng.Assert.assertEquals(Assert.java:132)
at validators.ReflectionComparator.compare(ReflectionComparator.java:85)
at validators.ReflectionComparator.compareFields(ReflectionComparator.java:170)
at validators.ReflectionComparator.compare(ReflectionComparator.java:104)
at validators.ReflectionComparator.compareFields(ReflectionComparator.java:170)
at validators.ReflectionComparator.compare(ReflectionComparator.java:104)
at validators.ReflectionComparator.compare(ReflectionComparator.java:53)
at validators.ResponseValidator.validatePojo(ResponseValidator.java:106)
at core.ApiExecutor.validatePojo(ApiExecutor.java:354)
at stepdefinitions.BookingSteps.validateResponse(BookingSteps.java:69)
at ✽.the response should match "booking/ExpectedBooking.json"(file:///C:/Users/mohan/eclipse-workspace/RestAssured_APIAutomation_Framework/src/test/resources/features/Booking.feature:21)
]]>
            </full-stacktrace>
          </exception> <!-- java.lang.AssertionError -->
          <reporter-output>
          </reporter-output>
        </test-method> <!-- runScenario -->
        <test-method signature="runScenario(io.cucumber.testng.PickleWrapper,io.cucumber.testng.FeatureWrapper)[pri:0, instance:runners.TestRunner@7f3b84b8]" started-at="2026-07-18T17:50:08 IST" name="runScenario" description="Runs Cucumber Scenarios" data-provider="scenarios" finished-at="2026-07-18T17:50:10 IST" duration-ms="1406" status="FAIL">
          <params>
            <param index="0">
              <value>
                <![CDATA["Successfully create booking"]]>
              </value>
            </param>
            <param index="1">
              <value>
                <![CDATA["Create Booking API"]]>
              </value>
            </param>
          </params>
          <exception class="java.lang.AssertionError">
            <message>
              <![CDATA[Value mismatch expected [Navya] but found [Alex]]]>
            </message>
            <full-stacktrace>
              <![CDATA[java.lang.AssertionError: Value mismatch expected [Navya] but found [Alex]
at org.testng.Assert.fail(Assert.java:111)
at org.testng.Assert.failNotEquals(Assert.java:1578)
at org.testng.Assert.assertEqualsImpl(Assert.java:150)
at org.testng.Assert.assertEquals(Assert.java:132)
at validators.ReflectionComparator.compare(ReflectionComparator.java:85)
at validators.ReflectionComparator.compareFields(ReflectionComparator.java:170)
at validators.ReflectionComparator.compare(ReflectionComparator.java:104)
at validators.ReflectionComparator.compareFields(ReflectionComparator.java:170)
at validators.ReflectionComparator.compare(ReflectionComparator.java:104)
at validators.ReflectionComparator.compare(ReflectionComparator.java:53)
at validators.ResponseValidator.validatePojo(ResponseValidator.java:106)
at core.ApiExecutor.validatePojo(ApiExecutor.java:354)
at stepdefinitions.BookingSteps.validateResponse(BookingSteps.java:69)
at ✽.the response should match "booking/ExpectedBooking.json"(file:///C:/Users/mohan/eclipse-workspace/RestAssured_APIAutomation_Framework/src/test/resources/features/Booking.feature:21)
]]>
            </full-stacktrace>
          </exception> <!-- java.lang.AssertionError -->
          <reporter-output>
          </reporter-output>
        </test-method> <!-- runScenario -->
        <test-method signature="runScenario(io.cucumber.testng.PickleWrapper,io.cucumber.testng.FeatureWrapper)[pri:0, instance:runners.TestRunner@7f3b84b8]" started-at="2026-07-18T17:50:08 IST" name="runScenario" description="Runs Cucumber Scenarios" data-provider="scenarios" finished-at="2026-07-18T17:50:10 IST" duration-ms="1338" status="FAIL">
          <params>
            <param index="0">
              <value>
                <![CDATA["Successfully create booking"]]>
              </value>
            </param>
            <param index="1">
              <value>
                <![CDATA["Create Booking API"]]>
              </value>
            </param>
          </params>
          <exception class="java.lang.AssertionError">
            <message>
              <![CDATA[Value mismatch expected [Navya] but found [John]]]>
            </message>
            <full-stacktrace>
              <![CDATA[java.lang.AssertionError: Value mismatch expected [Navya] but found [John]
at org.testng.Assert.fail(Assert.java:111)
at org.testng.Assert.failNotEquals(Assert.java:1578)
at org.testng.Assert.assertEqualsImpl(Assert.java:150)
at org.testng.Assert.assertEquals(Assert.java:132)
at validators.ReflectionComparator.compare(ReflectionComparator.java:85)
at validators.ReflectionComparator.compareFields(ReflectionComparator.java:170)
at validators.ReflectionComparator.compare(ReflectionComparator.java:104)
at validators.ReflectionComparator.compareFields(ReflectionComparator.java:170)
at validators.ReflectionComparator.compare(ReflectionComparator.java:104)
at validators.ReflectionComparator.compare(ReflectionComparator.java:53)
at validators.ResponseValidator.validatePojo(ResponseValidator.java:106)
at core.ApiExecutor.validatePojo(ApiExecutor.java:354)
at stepdefinitions.BookingSteps.validateResponse(BookingSteps.java:69)
at ✽.the response should match "booking/ExpectedBooking.json"(file:///C:/Users/mohan/eclipse-workspace/RestAssured_APIAutomation_Framework/src/test/resources/features/Booking.feature:21)
]]>
            </full-stacktrace>
          </exception> <!-- java.lang.AssertionError -->
          <reporter-output>
          </reporter-output>
        </test-method> <!-- runScenario -->
        <test-method signature="runScenario(io.cucumber.testng.PickleWrapper,io.cucumber.testng.FeatureWrapper)[pri:0, instance:runners.TestRunner@7f3b84b8]" started-at="2026-07-18T17:50:08 IST" name="runScenario" description="Runs Cucumber Scenarios" data-provider="scenarios" finished-at="2026-07-18T17:50:10 IST" duration-ms="1324" status="FAIL">
          <params>
            <param index="0">
              <value>
                <![CDATA["Successfully create booking"]]>
              </value>
            </param>
            <param index="1">
              <value>
                <![CDATA["Create Booking API"]]>
              </value>
            </param>
          </params>
          <exception class="java.lang.AssertionError">
            <message>
              <![CDATA[Value mismatch expected [Navya] but found [David]]]>
            </message>
            <full-stacktrace>
              <![CDATA[java.lang.AssertionError: Value mismatch expected [Navya] but found [David]
at org.testng.Assert.fail(Assert.java:111)
at org.testng.Assert.failNotEquals(Assert.java:1578)
at org.testng.Assert.assertEqualsImpl(Assert.java:150)
at org.testng.Assert.assertEquals(Assert.java:132)
at validators.ReflectionComparator.compare(ReflectionComparator.java:85)
at validators.ReflectionComparator.compareFields(ReflectionComparator.java:170)
at validators.ReflectionComparator.compare(ReflectionComparator.java:104)
at validators.ReflectionComparator.compareFields(ReflectionComparator.java:170)
at validators.ReflectionComparator.compare(ReflectionComparator.java:104)
at validators.ReflectionComparator.compare(ReflectionComparator.java:53)
at validators.ResponseValidator.validatePojo(ResponseValidator.java:106)
at core.ApiExecutor.validatePojo(ApiExecutor.java:354)
at stepdefinitions.BookingSteps.validateResponse(BookingSteps.java:69)
at ✽.the response should match "booking/ExpectedBooking.json"(file:///C:/Users/mohan/eclipse-workspace/RestAssured_APIAutomation_Framework/src/test/resources/features/Booking.feature:21)
]]>
            </full-stacktrace>
          </exception> <!-- java.lang.AssertionError -->
          <reporter-output>
          </reporter-output>
        </test-method> <!-- runScenario -->
        <test-method is-config="true" signature="tearDownClass()[pri:0, instance:runners.TestRunner@7f3b84b8]" started-at="2026-07-18T17:50:10 IST" name="tearDownClass" finished-at="2026-07-18T17:50:10 IST" duration-ms="60" status="PASS">
          <reporter-output>
          </reporter-output>
        </test-method> <!-- tearDownClass -->
      </class> <!-- runners.TestRunner -->
    </test> <!-- API Tests -->
  </suite> <!-- API Automation Suite -->
</testng-results>
