-------------------------------------------------------------------------------
Test set: TestSuite
-------------------------------------------------------------------------------
Tests run: 9, Failures: 3, Errors: 0, Skipped: 6, Time elapsed: 11.60 s <<< FAILURE! -- in TestSuite
runners.TestRunner.runScenario["Successfully create booking", "Create Booking API"](7) -- Time elapsed: 1.306 s <<< FAILURE!
java.lang.AssertionError: Value mismatch expected [Navya] but found [John]
	at org.testng.Assert.fail(Assert.java:111)
	at org.testng.Assert.failNotEquals(Assert.java:1578)
	at org.testng.Assert.assertEqualsImpl(Assert.java:150)
	at org.testng.Assert.assertEquals(Assert.java:132)
	at validators.ReflectionComparator.compare(ReflectionComparator.java:85)
	at validators.ReflectionComparator.compareFields(ReflectionComparator.java:170)
	at validators.ReflectionComparator.compare(ReflectionComparator.java:104)
	at validators.ReflectionComparator.compareFields(ReflectionComparator.java:170)
	at validators.ReflectionComparator.compare(ReflectionComparator.java:104)
	at validators.ReflectionComparator.compare(ReflectionComparator.java:53)
	at validators.ResponseValidator.validatePojo(ResponseValidator.java:106)
	at core.ApiExecutor.validatePojo(ApiExecutor.java:354)
	at stepdefinitions.BookingSteps.validateResponse(BookingSteps.java:69)
	at ✽.the response should match "booking/ExpectedBooking.json"(file:///C:/Users/mohan/eclipse-workspace/RestAssured_APIAutomation_Framework/src/test/resources/features/Booking.feature:21)

runners.TestRunner.runScenario["Successfully create booking", "Create Booking API"](8) -- Time elapsed: 1.323 s <<< FAILURE!
java.lang.AssertionError: Value mismatch expected [Navya] but found [David]
	at org.testng.Assert.fail(Assert.java:111)
	at org.testng.Assert.failNotEquals(Assert.java:1578)
	at org.testng.Assert.assertEqualsImpl(Assert.java:150)
	at org.testng.Assert.assertEquals(Assert.java:132)
	at validators.ReflectionComparator.compare(ReflectionComparator.java:85)
	at validators.ReflectionComparator.compareFields(ReflectionComparator.java:170)
	at validators.ReflectionComparator.compare(ReflectionComparator.java:104)
	at validators.ReflectionComparator.compareFields(ReflectionComparator.java:170)
	at validators.ReflectionComparator.compare(ReflectionComparator.java:104)
	at validators.ReflectionComparator.compare(ReflectionComparator.java:53)
	at validators.ResponseValidator.validatePojo(ResponseValidator.java:106)
	at core.ApiExecutor.validatePojo(ApiExecutor.java:354)
	at stepdefinitions.BookingSteps.validateResponse(BookingSteps.java:69)
	at ✽.the response should match "booking/ExpectedBooking.json"(file:///C:/Users/mohan/eclipse-workspace/RestAssured_APIAutomation_Framework/src/test/resources/features/Booking.feature:21)

runners.TestRunner.runScenario["Successfully create booking", "Create Booking API"](9) -- Time elapsed: 1.361 s <<< FAILURE!
java.lang.AssertionError: Value mismatch expected [Navya] but found [Alex]
	at org.testng.Assert.fail(Assert.java:111)
	at org.testng.Assert.failNotEquals(Assert.java:1578)
	at org.testng.Assert.assertEqualsImpl(Assert.java:150)
	at org.testng.Assert.assertEquals(Assert.java:132)
	at validators.ReflectionComparator.compare(ReflectionComparator.java:85)
	at validators.ReflectionComparator.compareFields(ReflectionComparator.java:170)
	at validators.ReflectionComparator.compare(ReflectionComparator.java:104)
	at validators.ReflectionComparator.compareFields(ReflectionComparator.java:170)
	at validators.ReflectionComparator.compare(ReflectionComparator.java:104)
	at validators.ReflectionComparator.compare(ReflectionComparator.java:53)
	at validators.ResponseValidator.validatePojo(ResponseValidator.java:106)
	at core.ApiExecutor.validatePojo(ApiExecutor.java:354)
	at stepdefinitions.BookingSteps.validateResponse(BookingSteps.java:69)
	at ✽.the response should match "booking/ExpectedBooking.json"(file:///C:/Users/mohan/eclipse-workspace/RestAssured_APIAutomation_Framework/src/test/resources/features/Booking.feature:21)

