<?xml version="1.0" encoding="UTF-8"?>
<testng-results retried="6" ignored="0" total="9" passed="0" failed="3" skipped="0">
  <reporter-output>
  </reporter-output>
  <suite started-at="2026-07-17T22:20:01 IST" name="API Automation Suite" finished-at="2026-07-17T22:20:14 IST" duration-ms="12679">
    <groups>
      <group name="cucumber">
        <method signature="AbstractTestNGCucumberTests.runScenario(io.cucumber.testng.PickleWrapper,io.cucumber.testng.FeatureWrapper)[pri:0, instance:runners.TestRunner@2d36e77e]" name="runScenario" class="io.cucumber.testng.AbstractTestNGCucumberTests"/>
      </group> <!-- cucumber -->
    </groups>
    <test started-at="2026-07-17T22:20:01 IST" name="API Tests" finished-at="2026-07-17T22:20:14 IST" duration-ms="12679">
      <class name="runners.TestRunner">
        <test-method is-config="true" signature="setUpClass(org.testng.ITestContext)[pri:0, instance:runners.TestRunner@2d36e77e]" started-at="2026-07-17T22:20:01 IST" name="setUpClass" finished-at="2026-07-17T22:20:02 IST" duration-ms="1158" status="PASS">
          <params>
            <param index="0">
              <value>
                <![CDATA[org.testng.TestRunner@5af3a0f]]>
              </value>
            </param>
          </params>
          <reporter-output>
          </reporter-output>
        </test-method> <!-- setUpClass -->
        <test-method retried="true" signature="runScenario(io.cucumber.testng.PickleWrapper,io.cucumber.testng.FeatureWrapper)[pri:0, instance:runners.TestRunner@2d36e77e]" started-at="2026-07-17T22:20:02 IST" name="runScenario" description="Runs Cucumber Scenarios" data-provider="scenarios" finished-at="2026-07-17T22:20:11 IST" duration-ms="8222" status="SKIP">
          <params>
            <param index="0">
              <value>
                <![CDATA["Successfully create booking"]]>
              </value>
            </param>
            <param index="1">
              <value>
                <![CDATA["Create Booking API"]]>
              </value>
            </param>
          </params>
          <exception class="java.lang.AssertionError">
            <message>
              <![CDATA[Value mismatch expected [Navya] but found [John]]]>
            </message>
            <full-stacktrace>
              <![CDATA[java.lang.AssertionError: Value mismatch expected [Navya] but found [John]
at org.testng.Assert.fail(Assert.java:111)
at org.testng.Assert.failNotEquals(Assert.java:1590)
at org.testng.Assert.assertEqualsImpl(Assert.java:150)
at org.testng.Assert.assertEquals(Assert.java:132)
at validators.ReflectionComparator.compare(ReflectionComparator.java:83)
at validators.ReflectionComparator.compareFields(ReflectionComparator.java:168)
at validators.ReflectionComparator.compare(ReflectionComparator.java:102)
at validators.ReflectionComparator.compareFields(ReflectionComparator.java:168)
at validators.ReflectionComparator.compare(ReflectionComparator.java:102)
at validators.ReflectionComparator.compare(ReflectionComparator.java:51)
at validators.ResponseValidator.validatePojo(ResponseValidator.java:105)
at executor.ApiExecutor.validatePojo(ApiExecutor.java:353)
at stepdefinitions.BookingSteps.validateResponse(BookingSteps.java:69)
at ✽.the response should match "booking/ExpectedBooking.json"(file:///C:/Users/mohan/eclipse-workspace/RestAssured_APIAutomation_Framework/src/test/resources/features/Booking.feature:21)
]]>
            </full-stacktrace>
          </exception> <!-- java.lang.AssertionError -->
          <reporter-output>
          </reporter-output>
        </test-method> <!-- runScenario -->
        <test-method retried="true" signature="runScenario(io.cucumber.testng.PickleWrapper,io.cucumber.testng.FeatureWrapper)[pri:0, instance:runners.TestRunner@2d36e77e]" started-at="2026-07-17T22:20:02 IST" name="runScenario" description="Runs Cucumber Scenarios" data-provider="scenarios" finished-at="2026-07-17T22:20:11 IST" duration-ms="8220" status="SKIP">
          <params>
            <param index="0">
              <value>
                <![CDATA["Successfully create booking"]]>
              </value>
            </param>
            <param index="1">
              <value>
                <![CDATA["Create Booking API"]]>
              </value>
            </param>
          </params>
          <exception class="java.lang.AssertionError">
            <message>
              <![CDATA[Value mismatch expected [Navya] but found [Alex]]]>
            </message>
            <full-stacktrace>
              <![CDATA[java.lang.AssertionError: Value mismatch expected [Navya] but found [Alex]
at org.testng.Assert.fail(Assert.java:111)
at org.testng.Assert.failNotEquals(Assert.java:1590)
at org.testng.Assert.assertEqualsImpl(Assert.java:150)
at org.testng.Assert.assertEquals(Assert.java:132)
at validators.ReflectionComparator.compare(ReflectionComparator.java:83)
at validators.ReflectionComparator.compareFields(ReflectionComparator.java:168)
at validators.ReflectionComparator.compare(ReflectionComparator.java:102)
at validators.ReflectionComparator.compareFields(ReflectionComparator.java:168)
at validators.ReflectionComparator.compare(ReflectionComparator.java:102)
at validators.ReflectionComparator.compare(ReflectionComparator.java:51)
at validators.ResponseValidator.validatePojo(ResponseValidator.java:105)
at executor.ApiExecutor.validatePojo(ApiExecutor.java:353)
at stepdefinitions.BookingSteps.validateResponse(BookingSteps.java:69)
at ✽.the response should match "booking/ExpectedBooking.json"(file:///C:/Users/mohan/eclipse-workspace/RestAssured_APIAutomation_Framework/src/test/resources/features/Booking.feature:21)
]]>
            </full-stacktrace>
          </exception> <!-- java.lang.AssertionError -->
          <reporter-output>
          </reporter-output>
        </test-method> <!-- runScenario -->
        <test-method retried="true" signature="runScenario(io.cucumber.testng.PickleWrapper,io.cucumber.testng.FeatureWrapper)[pri:0, instance:runners.TestRunner@2d36e77e]" started-at="2026-07-17T22:20:02 IST" name="runScenario" description="Runs Cucumber Scenarios" data-provider="scenarios" finished-at="2026-07-17T22:20:11 IST" duration-ms="8220" status="SKIP">
          <params>
            <param index="0">
              <value>
                <![CDATA["Successfully create booking"]]>
              </value>
            </param>
            <param index="1">
              <value>
                <![CDATA["Create Booking API"]]>
              </value>
            </param>
          </params>
          <exception class="java.lang.AssertionError">
            <message>
              <![CDATA[Value mismatch expected [Navya] but found [David]]]>
            </message>
            <full-stacktrace>
              <![CDATA[java.lang.AssertionError: Value mismatch expected [Navya] but found [David]
at org.testng.Assert.fail(Assert.java:111)
at org.testng.Assert.failNotEquals(Assert.java:1590)
at org.testng.Assert.assertEqualsImpl(Assert.java:150)
at org.testng.Assert.assertEquals(Assert.java:132)
at validators.ReflectionComparator.compare(ReflectionComparator.java:83)
at validators.ReflectionComparator.compareFields(ReflectionComparator.java:168)
at validators.ReflectionComparator.compare(ReflectionComparator.java:102)
at validators.ReflectionComparator.compareFields(ReflectionComparator.java:168)
at validators.ReflectionComparator.compare(ReflectionComparator.java:102)
at validators.ReflectionComparator.compare(ReflectionComparator.java:51)
at validators.ResponseValidator.validatePojo(ResponseValidator.java:105)
at executor.ApiExecutor.validatePojo(ApiExecutor.java:353)
at stepdefinitions.BookingSteps.validateResponse(BookingSteps.java:69)
at ✽.the response should match "booking/ExpectedBooking.json"(file:///C:/Users/mohan/eclipse-workspace/RestAssured_APIAutomation_Framework/src/test/resources/features/Booking.feature:21)
]]>
            </full-stacktrace>
          </exception> <!-- java.lang.AssertionError -->
          <reporter-output>
          </reporter-output>
        </test-method> <!-- runScenario -->
        <test-method retried="true" signature="runScenario(io.cucumber.testng.PickleWrapper,io.cucumber.testng.FeatureWrapper)[pri:0, instance:runners.TestRunner@2d36e77e]" started-at="2026-07-17T22:20:11 IST" name="runScenario" description="Runs Cucumber Scenarios" data-provider="scenarios" finished-at="2026-07-17T22:20:12 IST" duration-ms="1605" status="SKIP">
          <params>
            <param index="0">
              <value>
                <![CDATA["Successfully create booking"]]>
              </value>
            </param>
            <param index="1">
              <value>
                <![CDATA["Create Booking API"]]>
              </value>
            </param>
          </params>
          <exception class="java.lang.AssertionError">
            <message>
              <![CDATA[Value mismatch expected [Navya] but found [David]]]>
            </message>
            <full-stacktrace>
              <![CDATA[java.lang.AssertionError: Value mismatch expected [Navya] but found [David]
at org.testng.Assert.fail(Assert.java:111)
at org.testng.Assert.failNotEquals(Assert.java:1590)
at org.testng.Assert.assertEqualsImpl(Assert.java:150)
at org.testng.Assert.assertEquals(Assert.java:132)
at validators.ReflectionComparator.compare(ReflectionComparator.java:83)
at validators.ReflectionComparator.compareFields(ReflectionComparator.java:168)
at validators.ReflectionComparator.compare(ReflectionComparator.java:102)
at validators.ReflectionComparator.compareFields(ReflectionComparator.java:168)
at validators.ReflectionComparator.compare(ReflectionComparator.java:102)
at validators.ReflectionComparator.compare(ReflectionComparator.java:51)
at validators.ResponseValidator.validatePojo(ResponseValidator.java:105)
at executor.ApiExecutor.validatePojo(ApiExecutor.java:353)
at stepdefinitions.BookingSteps.validateResponse(BookingSteps.java:69)
at ✽.the response should match "booking/ExpectedBooking.json"(file:///C:/Users/mohan/eclipse-workspace/RestAssured_APIAutomation_Framework/src/test/resources/features/Booking.feature:21)
]]>
            </full-stacktrace>
          </exception> <!-- java.lang.AssertionError -->
          <reporter-output>
          </reporter-output>
        </test-method> <!-- runScenario -->
        <test-method retried="true" signature="runScenario(io.cucumber.testng.PickleWrapper,io.cucumber.testng.FeatureWrapper)[pri:0, instance:runners.TestRunner@2d36e77e]" started-at="2026-07-17T22:20:11 IST" name="runScenario" description="Runs Cucumber Scenarios" data-provider="scenarios" finished-at="2026-07-17T22:20:12 IST" duration-ms="1601" status="SKIP">
          <params>
            <param index="0">
              <value>
                <![CDATA["Successfully create booking"]]>
              </value>
            </param>
            <param index="1">
              <value>
                <![CDATA["Create Booking API"]]>
              </value>
            </param>
          </params>
          <exception class="java.lang.AssertionError">
            <message>
              <![CDATA[Value mismatch expected [Navya] but found [Alex]]]>
            </message>
            <full-stacktrace>
              <![CDATA[java.lang.AssertionError: Value mismatch expected [Navya] but found [Alex]
at org.testng.Assert.fail(Assert.java:111)
at org.testng.Assert.failNotEquals(Assert.java:1590)
at org.testng.Assert.assertEqualsImpl(Assert.java:150)
at org.testng.Assert.assertEquals(Assert.java:132)
at validators.ReflectionComparator.compare(ReflectionComparator.java:83)
at validators.ReflectionComparator.compareFields(ReflectionComparator.java:168)
at validators.ReflectionComparator.compare(ReflectionComparator.java:102)
at validators.ReflectionComparator.compareFields(ReflectionComparator.java:168)
at validators.ReflectionComparator.compare(ReflectionComparator.java:102)
at validators.ReflectionComparator.compare(ReflectionComparator.java:51)
at validators.ResponseValidator.validatePojo(ResponseValidator.java:105)
at executor.ApiExecutor.validatePojo(ApiExecutor.java:353)
at stepdefinitions.BookingSteps.validateResponse(BookingSteps.java:69)
at ✽.the response should match "booking/ExpectedBooking.json"(file:///C:/Users/mohan/eclipse-workspace/RestAssured_APIAutomation_Framework/src/test/resources/features/Booking.feature:21)
]]>
            </full-stacktrace>
          </exception> <!-- java.lang.AssertionError -->
          <reporter-output>
          </reporter-output>
        </test-method> <!-- runScenario -->
        <test-method retried="true" signature="runScenario(io.cucumber.testng.PickleWrapper,io.cucumber.testng.FeatureWrapper)[pri:0, instance:runners.TestRunner@2d36e77e]" started-at="2026-07-17T22:20:11 IST" name="runScenario" description="Runs Cucumber Scenarios" data-provider="scenarios" finished-at="2026-07-17T22:20:12 IST" duration-ms="1598" status="SKIP">
          <params>
            <param index="0">
              <value>
                <![CDATA["Successfully create booking"]]>
              </value>
            </param>
            <param index="1">
              <value>
                <![CDATA["Create Booking API"]]>
              </value>
            </param>
          </params>
          <exception class="java.lang.AssertionError">
            <message>
              <![CDATA[Value mismatch expected [Navya] but found [John]]]>
            </message>
            <full-stacktrace>
              <![CDATA[java.lang.AssertionError: Value mismatch expected [Navya] but found [John]
at org.testng.Assert.fail(Assert.java:111)
at org.testng.Assert.failNotEquals(Assert.java:1590)
at org.testng.Assert.assertEqualsImpl(Assert.java:150)
at org.testng.Assert.assertEquals(Assert.java:132)
at validators.ReflectionComparator.compare(ReflectionComparator.java:83)
at validators.ReflectionComparator.compareFields(ReflectionComparator.java:168)
at validators.ReflectionComparator.compare(ReflectionComparator.java:102)
at validators.ReflectionComparator.compareFields(ReflectionComparator.java:168)
at validators.ReflectionComparator.compare(ReflectionComparator.java:102)
at validators.ReflectionComparator.compare(ReflectionComparator.java:51)
at validators.ResponseValidator.validatePojo(ResponseValidator.java:105)
at executor.ApiExecutor.validatePojo(ApiExecutor.java:353)
at stepdefinitions.BookingSteps.validateResponse(BookingSteps.java:69)
at ✽.the response should match "booking/ExpectedBooking.json"(file:///C:/Users/mohan/eclipse-workspace/RestAssured_APIAutomation_Framework/src/test/resources/features/Booking.feature:21)
]]>
            </full-stacktrace>
          </exception> <!-- java.lang.AssertionError -->
          <reporter-output>
          </reporter-output>
        </test-method> <!-- runScenario -->
        <test-method signature="runScenario(io.cucumber.testng.PickleWrapper,io.cucumber.testng.FeatureWrapper)[pri:0, instance:runners.TestRunner@2d36e77e]" started-at="2026-07-17T22:20:12 IST" name="runScenario" description="Runs Cucumber Scenarios" data-provider="scenarios" finished-at="2026-07-17T22:20:14 IST" duration-ms="1385" status="FAIL">
          <params>
            <param index="0">
              <value>
                <![CDATA["Successfully create booking"]]>
              </value>
            </param>
            <param index="1">
              <value>
                <![CDATA["Create Booking API"]]>
              </value>
            </param>
          </params>
          <exception class="java.lang.AssertionError">
            <message>
              <![CDATA[Value mismatch expected [Navya] but found [John]]]>
            </message>
            <full-stacktrace>
              <![CDATA[java.lang.AssertionError: Value mismatch expected [Navya] but found [John]
at org.testng.Assert.fail(Assert.java:111)
at org.testng.Assert.failNotEquals(Assert.java:1590)
at org.testng.Assert.assertEqualsImpl(Assert.java:150)
at org.testng.Assert.assertEquals(Assert.java:132)
at validators.ReflectionComparator.compare(ReflectionComparator.java:83)
at validators.ReflectionComparator.compareFields(ReflectionComparator.java:168)
at validators.ReflectionComparator.compare(ReflectionComparator.java:102)
at validators.ReflectionComparator.compareFields(ReflectionComparator.java:168)
at validators.ReflectionComparator.compare(ReflectionComparator.java:102)
at validators.ReflectionComparator.compare(ReflectionComparator.java:51)
at validators.ResponseValidator.validatePojo(ResponseValidator.java:105)
at executor.ApiExecutor.validatePojo(ApiExecutor.java:353)
at stepdefinitions.BookingSteps.validateResponse(BookingSteps.java:69)
at ✽.the response should match "booking/ExpectedBooking.json"(file:///C:/Users/mohan/eclipse-workspace/RestAssured_APIAutomation_Framework/src/test/resources/features/Booking.feature:21)
]]>
            </full-stacktrace>
          </exception> <!-- java.lang.AssertionError -->
          <reporter-output>
          </reporter-output>
        </test-method> <!-- runScenario -->
        <test-method signature="runScenario(io.cucumber.testng.PickleWrapper,io.cucumber.testng.FeatureWrapper)[pri:0, instance:runners.TestRunner@2d36e77e]" started-at="2026-07-17T22:20:12 IST" name="runScenario" description="Runs Cucumber Scenarios" data-provider="scenarios" finished-at="2026-07-17T22:20:14 IST" duration-ms="1438" status="FAIL">
          <params>
            <param index="0">
              <value>
                <![CDATA["Successfully create booking"]]>
              </value>
            </param>
            <param index="1">
              <value>
                <![CDATA["Create Booking API"]]>
              </value>
            </param>
          </params>
          <exception class="java.lang.AssertionError">
            <message>
              <![CDATA[Value mismatch expected [Navya] but found [Alex]]]>
            </message>
            <full-stacktrace>
              <![CDATA[java.lang.AssertionError: Value mismatch expected [Navya] but found [Alex]
at org.testng.Assert.fail(Assert.java:111)
at org.testng.Assert.failNotEquals(Assert.java:1590)
at org.testng.Assert.assertEqualsImpl(Assert.java:150)
at org.testng.Assert.assertEquals(Assert.java:132)
at validators.ReflectionComparator.compare(ReflectionComparator.java:83)
at validators.ReflectionComparator.compareFields(ReflectionComparator.java:168)
at validators.ReflectionComparator.compare(ReflectionComparator.java:102)
at validators.ReflectionComparator.compareFields(ReflectionComparator.java:168)
at validators.ReflectionComparator.compare(ReflectionComparator.java:102)
at validators.ReflectionComparator.compare(ReflectionComparator.java:51)
at validators.ResponseValidator.validatePojo(ResponseValidator.java:105)
at executor.ApiExecutor.validatePojo(ApiExecutor.java:353)
at stepdefinitions.BookingSteps.validateResponse(BookingSteps.java:69)
at ✽.the response should match "booking/ExpectedBooking.json"(file:///C:/Users/mohan/eclipse-workspace/RestAssured_APIAutomation_Framework/src/test/resources/features/Booking.feature:21)
]]>
            </full-stacktrace>
          </exception> <!-- java.lang.AssertionError -->
          <reporter-output>
          </reporter-output>
        </test-method> <!-- runScenario -->
        <test-method signature="runScenario(io.cucumber.testng.PickleWrapper,io.cucumber.testng.FeatureWrapper)[pri:0, instance:runners.TestRunner@2d36e77e]" started-at="2026-07-17T22:20:12 IST" name="runScenario" description="Runs Cucumber Scenarios" data-provider="scenarios" finished-at="2026-07-17T22:20:14 IST" duration-ms="1474" status="FAIL">
          <params>
            <param index="0">
              <value>
                <![CDATA["Successfully create booking"]]>
              </value>
            </param>
            <param index="1">
              <value>
                <![CDATA["Create Booking API"]]>
              </value>
            </param>
          </params>
          <exception class="java.lang.AssertionError">
            <message>
              <![CDATA[Value mismatch expected [Navya] but found [David]]]>
            </message>
            <full-stacktrace>
              <![CDATA[java.lang.AssertionError: Value mismatch expected [Navya] but found [David]
at org.testng.Assert.fail(Assert.java:111)
at org.testng.Assert.failNotEquals(Assert.java:1590)
at org.testng.Assert.assertEqualsImpl(Assert.java:150)
at org.testng.Assert.assertEquals(Assert.java:132)
at validators.ReflectionComparator.compare(ReflectionComparator.java:83)
at validators.ReflectionComparator.compareFields(ReflectionComparator.java:168)
at validators.ReflectionComparator.compare(ReflectionComparator.java:102)
at validators.ReflectionComparator.compareFields(ReflectionComparator.java:168)
at validators.ReflectionComparator.compare(ReflectionComparator.java:102)
at validators.ReflectionComparator.compare(ReflectionComparator.java:51)
at validators.ResponseValidator.validatePojo(ResponseValidator.java:105)
at executor.ApiExecutor.validatePojo(ApiExecutor.java:353)
at stepdefinitions.BookingSteps.validateResponse(BookingSteps.java:69)
at ✽.the response should match "booking/ExpectedBooking.json"(file:///C:/Users/mohan/eclipse-workspace/RestAssured_APIAutomation_Framework/src/test/resources/features/Booking.feature:21)
]]>
            </full-stacktrace>
          </exception> <!-- java.lang.AssertionError -->
          <reporter-output>
          </reporter-output>
        </test-method> <!-- runScenario -->
        <test-method is-config="true" signature="tearDownClass()[pri:0, instance:runners.TestRunner@2d36e77e]" started-at="2026-07-17T22:20:14 IST" name="tearDownClass" finished-at="2026-07-17T22:20:14 IST" duration-ms="99" status="PASS">
          <reporter-output>
          </reporter-output>
        </test-method> <!-- tearDownClass -->
      </class> <!-- runners.TestRunner -->
    </test> <!-- API Tests -->
  </suite> <!-- API Automation Suite -->
</testng-results>
