<?xml version="1.0" encoding="UTF-8"?>
<!-- Generated by org.testng.reporters.JUnitReportReporter -->
<testsuite hostname="Mohan" failures="3" tests="9" name="runners.TestRunner" time="33.763" errors="0" timestamp="2026-07-17T22:20:14 IST" skipped="6">
  <testcase classname="runners.TestRunner" name="runScenario" time="1.474">
    <failure message="Value mismatch expected [Navya] but found [David]" type="java.lang.AssertionError">
      <![CDATA[java.lang.AssertionError: Value mismatch expected [Navya] but found [David]
at org.testng.Assert.fail(Assert.java:111)
at org.testng.Assert.failNotEquals(Assert.java:1590)
at org.testng.Assert.assertEqualsImpl(Assert.java:150)
at org.testng.Assert.assertEquals(Assert.java:132)
at validators.ReflectionComparator.compare(ReflectionComparator.java:83)
at validators.ReflectionComparator.compareFields(ReflectionComparator.java:168)
at validators.ReflectionComparator.compare(ReflectionComparator.java:102)
at validators.ReflectionComparator.compareFields(ReflectionComparator.java:168)
at validators.ReflectionComparator.compare(ReflectionComparator.java:102)
at validators.ReflectionComparator.compare(ReflectionComparator.java:51)
at validators.ResponseValidator.validatePojo(ResponseValidator.java:105)
at executor.ApiExecutor.validatePojo(ApiExecutor.java:353)
at stepdefinitions.BookingSteps.validateResponse(BookingSteps.java:69)
at ✽.the response should match "booking/ExpectedBooking.json"(file:///C:/Users/mohan/eclipse-workspace/RestAssured_APIAutomation_Framework/src/test/resources/features/Booking.feature:21)
]]>
    </failure>
  </testcase> <!-- runScenario -->
  <testcase classname="runners.TestRunner" name="runScenario" time="8.222">
    <skipped/>
  </testcase> <!-- runScenario -->
  <testcase classname="runners.TestRunner" name="runScenario" time="1.598">
    <skipped/>
  </testcase> <!-- runScenario -->
  <testcase classname="runners.TestRunner" name="runScenario" time="1.385">
    <failure message="Value mismatch expected [Navya] but found [John]" type="java.lang.AssertionError">
      <![CDATA[java.lang.AssertionError: Value mismatch expected [Navya] but found [John]
at org.testng.Assert.fail(Assert.java:111)
at org.testng.Assert.failNotEquals(Assert.java:1590)
at org.testng.Assert.assertEqualsImpl(Assert.java:150)
at org.testng.Assert.assertEquals(Assert.java:132)
at validators.ReflectionComparator.compare(ReflectionComparator.java:83)
at validators.ReflectionComparator.compareFields(ReflectionComparator.java:168)
at validators.ReflectionComparator.compare(ReflectionComparator.java:102)
at validators.ReflectionComparator.compareFields(ReflectionComparator.java:168)
at validators.ReflectionComparator.compare(ReflectionComparator.java:102)
at validators.ReflectionComparator.compare(ReflectionComparator.java:51)
at validators.ResponseValidator.validatePojo(ResponseValidator.java:105)
at executor.ApiExecutor.validatePojo(ApiExecutor.java:353)
at stepdefinitions.BookingSteps.validateResponse(BookingSteps.java:69)
at ✽.the response should match "booking/ExpectedBooking.json"(file:///C:/Users/mohan/eclipse-workspace/RestAssured_APIAutomation_Framework/src/test/resources/features/Booking.feature:21)
]]>
    </failure>
  </testcase> <!-- runScenario -->
  <testcase classname="runners.TestRunner" name="runScenario" time="1.438">
    <failure message="Value mismatch expected [Navya] but found [Alex]" type="java.lang.AssertionError">
      <![CDATA[java.lang.AssertionError: Value mismatch expected [Navya] but found [Alex]
at org.testng.Assert.fail(Assert.java:111)
at org.testng.Assert.failNotEquals(Assert.java:1590)
at org.testng.Assert.assertEqualsImpl(Assert.java:150)
at org.testng.Assert.assertEquals(Assert.java:132)
at validators.ReflectionComparator.compare(ReflectionComparator.java:83)
at validators.ReflectionComparator.compareFields(ReflectionComparator.java:168)
at validators.ReflectionComparator.compare(ReflectionComparator.java:102)
at validators.ReflectionComparator.compareFields(ReflectionComparator.java:168)
at validators.ReflectionComparator.compare(ReflectionComparator.java:102)
at validators.ReflectionComparator.compare(ReflectionComparator.java:51)
at validators.ResponseValidator.validatePojo(ResponseValidator.java:105)
at executor.ApiExecutor.validatePojo(ApiExecutor.java:353)
at stepdefinitions.BookingSteps.validateResponse(BookingSteps.java:69)
at ✽.the response should match "booking/ExpectedBooking.json"(file:///C:/Users/mohan/eclipse-workspace/RestAssured_APIAutomation_Framework/src/test/resources/features/Booking.feature:21)
]]>
    </failure>
  </testcase> <!-- runScenario -->
  <testcase classname="runners.TestRunner" name="runScenario" time="1.605">
    <skipped/>
  </testcase> <!-- runScenario -->
  <testcase classname="runners.TestRunner" name="runScenario" time="8.220">
    <skipped/>
  </testcase> <!-- runScenario -->
  <testcase classname="runners.TestRunner" name="runScenario" time="1.601">
    <skipped/>
  </testcase> <!-- runScenario -->
  <testcase classname="runners.TestRunner" name="runScenario" time="8.220">
    <skipped/>
  </testcase> <!-- runScenario -->
</testsuite> <!-- runners.TestRunner -->
