<?xml version="1.0" encoding="UTF-8"?>
<!-- Generated by org.testng.reporters.JUnitReportReporter -->
<testsuite hostname="Mohan" failures="0" tests="3" name="runners.TestRunner" time="18.772" errors="0" timestamp="2026-07-19T16:58:43 IST" skipped="0">
  <testcase classname="runners.TestRunner" name="runScenario" time="7.429"/>
  <testcase classname="runners.TestRunner" name="runScenario" time="6.114"/>
  <testcase classname="runners.TestRunner" name="runScenario" time="5.229"/>
</testsuite> <!-- runners.TestRunner -->
