<?xml version="1.0" encoding="UTF-8"?>
<!-- Generated by org.testng.reporters.JUnitReportReporter -->
<testsuite hostname="Mohan" failures="3" tests="9" name="runners.TestRunner" time="27.767" errors="0" timestamp="2026-07-18T17:50:10 IST" skipped="6">
  <testcase classname="runners.TestRunner" name="runScenario" time="6.544">
    <skipped/>
  </testcase> <!-- runScenario -->
  <testcase classname="runners.TestRunner" name="runScenario" time="1.338">
    <skipped/>
  </testcase> <!-- runScenario -->
  <testcase classname="runners.TestRunner" name="runScenario" time="1.347">
    <skipped/>
  </testcase> <!-- runScenario -->
  <testcase classname="runners.TestRunner" name="runScenario" time="1.338">
    <failure message="Value mismatch expected [Navya] but found [John]" type="java.lang.AssertionError">
      <![CDATA[java.lang.AssertionError: Value mismatch expected [Navya] but found [John]
at org.testng.Assert.fail(Assert.java:111)
at org.testng.Assert.failNotEquals(Assert.java:1578)
at org.testng.Assert.assertEqualsImpl(Assert.java:150)
at org.testng.Assert.assertEquals(Assert.java:132)
at validators.ReflectionComparator.compare(ReflectionComparator.java:85)
at validators.ReflectionComparator.compareFields(ReflectionComparator.java:170)
at validators.ReflectionComparator.compare(ReflectionComparator.java:104)
at validators.ReflectionComparator.compareFields(ReflectionComparator.java:170)
at validators.ReflectionComparator.compare(ReflectionComparator.java:104)
at validators.ReflectionComparator.compare(ReflectionComparator.java:53)
at validators.ResponseValidator.validatePojo(ResponseValidator.java:106)
at core.ApiExecutor.validatePojo(ApiExecutor.java:354)
at stepdefinitions.BookingSteps.validateResponse(BookingSteps.java:69)
at ✽.the response should match "booking/ExpectedBooking.json"(file:///C:/Users/mohan/eclipse-workspace/RestAssured_APIAutomation_Framework/src/test/resources/features/Booking.feature:21)
]]>
    </failure>
  </testcase> <!-- runScenario -->
  <testcase classname="runners.TestRunner" name="runScenario" time="6.544">
    <skipped/>
  </testcase> <!-- runScenario -->
  <testcase classname="runners.TestRunner" name="runScenario" time="6.544">
    <skipped/>
  </testcase> <!-- runScenario -->
  <testcase classname="runners.TestRunner" name="runScenario" time="1.324">
    <failure message="Value mismatch expected [Navya] but found [David]" type="java.lang.AssertionError">
      <![CDATA[java.lang.AssertionError: Value mismatch expected [Navya] but found [David]
at org.testng.Assert.fail(Assert.java:111)
at org.testng.Assert.failNotEquals(Assert.java:1578)
at org.testng.Assert.assertEqualsImpl(Assert.java:150)
at org.testng.Assert.assertEquals(Assert.java:132)
at validators.ReflectionComparator.compare(ReflectionComparator.java:85)
at validators.ReflectionComparator.compareFields(ReflectionComparator.java:170)
at validators.ReflectionComparator.compare(ReflectionComparator.java:104)
at validators.ReflectionComparator.compareFields(ReflectionComparator.java:170)
at validators.ReflectionComparator.compare(ReflectionComparator.java:104)
at validators.ReflectionComparator.compare(ReflectionComparator.java:53)
at validators.ResponseValidator.validatePojo(ResponseValidator.java:106)
at core.ApiExecutor.validatePojo(ApiExecutor.java:354)
at stepdefinitions.BookingSteps.validateResponse(BookingSteps.java:69)
at ✽.the response should match "booking/ExpectedBooking.json"(file:///C:/Users/mohan/eclipse-workspace/RestAssured_APIAutomation_Framework/src/test/resources/features/Booking.feature:21)
]]>
    </failure>
  </testcase> <!-- runScenario -->
  <testcase classname="runners.TestRunner" name="runScenario" time="1.382">
    <skipped/>
  </testcase> <!-- runScenario -->
  <testcase classname="runners.TestRunner" name="runScenario" time="1.406">
    <failure message="Value mismatch expected [Navya] but found [Alex]" type="java.lang.AssertionError">
      <![CDATA[java.lang.AssertionError: Value mismatch expected [Navya] but found [Alex]
at org.testng.Assert.fail(Assert.java:111)
at org.testng.Assert.failNotEquals(Assert.java:1578)
at org.testng.Assert.assertEqualsImpl(Assert.java:150)
at org.testng.Assert.assertEquals(Assert.java:132)
at validators.ReflectionComparator.compare(ReflectionComparator.java:85)
at validators.ReflectionComparator.compareFields(ReflectionComparator.java:170)
at validators.ReflectionComparator.compare(ReflectionComparator.java:104)
at validators.ReflectionComparator.compareFields(ReflectionComparator.java:170)
at validators.ReflectionComparator.compare(ReflectionComparator.java:104)
at validators.ReflectionComparator.compare(ReflectionComparator.java:53)
at validators.ResponseValidator.validatePojo(ResponseValidator.java:106)
at core.ApiExecutor.validatePojo(ApiExecutor.java:354)
at stepdefinitions.BookingSteps.validateResponse(BookingSteps.java:69)
at ✽.the response should match "booking/ExpectedBooking.json"(file:///C:/Users/mohan/eclipse-workspace/RestAssured_APIAutomation_Framework/src/test/resources/features/Booking.feature:21)
]]>
    </failure>
  </testcase> <!-- runScenario -->
</testsuite> <!-- runners.TestRunner -->
